<?xml version="1.0" encoding="UTF-8"?>
<testsuite name="ManagmentTest" tests="1" skipped="0" failures="0" errors="0" timestamp="2023-08-14T18:26:31" hostname="DESKTOP-LB40FPG" time="13.843">
  <properties/>
  <testcase name="testAll()" classname="ManagmentTest" time="13.843"/>
  <system-out><![CDATA[13:26:33.987 [Test worker] INFO  com.intuit.karate.Suite - backed up existing 'build\karate-reports' dir to: build\karate-reports_1692037593937
13:26:34.023 [Test worker] DEBUG com.intuit.karate.Suite - waiting for 2 features to complete
13:26:36.361 [pool-1-thread-4] DEBUG com.intuit.karate - request:
1 > POST https://api.demoblaze.com/login
1 > Content-Type: application/json; charset=UTF-8
1 > Content-Length: 40
1 > Host: api.demoblaze.com
1 > Connection: Keep-Alive
1 > User-Agent: Apache-HttpClient/4.5.13 (Java/17)
1 > Accept-Encoding: gzip,deflate
{"username":"","password":"asfghgdssdg"}

13:26:36.361 [pool-1-thread-3] DEBUG com.intuit.karate - request:
1 > POST https://api.demoblaze.com/login
1 > Content-Type: application/json; charset=UTF-8
1 > Content-Length: 59
1 > Host: api.demoblaze.com
1 > Connection: Keep-Alive
1 > User-Agent: Apache-HttpClient/4.5.13 (Java/17)
1 > Accept-Encoding: gzip,deflate
{"username":"BryanAlexFreire123","password":"asfghgdssdg1"}

13:26:36.361 [pool-1-thread-2] DEBUG com.intuit.karate - request:
1 > POST https://api.demoblaze.com/login
1 > Content-Type: application/json; charset=UTF-8
1 > Content-Length: 59
1 > Host: api.demoblaze.com
1 > Connection: Keep-Alive
1 > User-Agent: Apache-HttpClient/4.5.13 (Java/17)
1 > Accept-Encoding: gzip,deflate
{"username":"BryanAlexFreire123%","password":"asfghgdssdg"}

13:26:36.361 [pool-1-thread-1] DEBUG com.intuit.karate - request:
1 > POST https://api.demoblaze.com/login
1 > Content-Type: application/json; charset=UTF-8
1 > Content-Length: 58
1 > Host: api.demoblaze.com
1 > Connection: Keep-Alive
1 > User-Agent: Apache-HttpClient/4.5.13 (Java/17)
1 > Accept-Encoding: gzip,deflate
{"username":"BryanAlexFreire123","password":"asfghgdssdg"}

13:26:36.946 [pool-1-thread-4] DEBUG com.intuit.karate - response time in milliseconds: 582
1 < 500
1 < Content-Type: text/html
1 < X-Cloud-Trace-Context: 4304f608a55603c58e132740ff610466
1 < Date: Mon, 14 Aug 2023 18:26:36 GMT
1 < Server: Google Frontend
1 < Content-Length: 290
<!DOCTYPE HTML PUBLIC "-//W3C//DTD HTML 3.2 Final//EN">
<title>500 Internal Server Error</title>
<h1>Internal Server Error</h1>
<p>The server encountered an internal error and was unable to complete your request. Either the server is overloaded or there is an error in the application.</p>


13:26:36.947 [pool-1-thread-2] DEBUG com.intuit.karate - response time in milliseconds: 581
1 < 200
1 < Content-Type: application/json
1 < Vary: Accept-Encoding
1 < X-Cloud-Trace-Context: f0f1f47f24c7c734eb79315b618da966
1 < Date: Mon, 14 Aug 2023 18:26:36 GMT
1 < Server: Google Frontend
1 < Cache-Control: private
1 < Transfer-Encoding: chunked
{"errorMessage":"User does not exist."}


13:26:36.946 [pool-1-thread-3] DEBUG com.intuit.karate - response time in milliseconds: 581
1 < 200
1 < Content-Type: application/json
1 < Vary: Accept-Encoding
1 < X-Cloud-Trace-Context: 765f9318f8c2b105277b256f29392566
1 < Date: Mon, 14 Aug 2023 18:26:36 GMT
1 < Server: Google Frontend
1 < Cache-Control: private
1 < Transfer-Encoding: chunked
{"errorMessage":"Wrong password."}


13:26:36.972 [pool-1-thread-1] DEBUG com.intuit.karate - response time in milliseconds: 602
1 < 200
1 < Content-Type: application/json
1 < Vary: Accept-Encoding
1 < X-Cloud-Trace-Context: e128a39ac3179fdffdf83ed70b4f5209;o=1
1 < Date: Mon, 14 Aug 2023 18:26:36 GMT
1 < Server: Google Frontend
1 < Cache-Control: private
1 < Transfer-Encoding: chunked
"Auth_token: QnJ5YW5BbGV4RnJlaXJlMTIzMTY5MjYzNw=="


13:26:37.174 [pool-1-thread-3] DEBUG com.intuit.karate - request:
1 > POST https://api.demoblaze.com/signup
1 > Content-Type: application/json; charset=UTF-8
1 > Content-Length: 58
1 > Host: api.demoblaze.com
1 > Connection: Keep-Alive
1 > User-Agent: Apache-HttpClient/4.5.13 (Java/17)
1 > Accept-Encoding: gzip,deflate
{"username":"12rya5Freire%123as","password":"asfghgdssdg"}

13:26:37.188 [pool-1-thread-4] DEBUG com.intuit.karate - request:
1 > POST https://api.demoblaze.com/signup
1 > Content-Type: application/json; charset=UTF-8
1 > Content-Length: 58
1 > Host: api.demoblaze.com
1 > Connection: Keep-Alive
1 > User-Agent: Apache-HttpClient/4.5.13 (Java/17)
1 > Accept-Encoding: gzip,deflate
{"username":"BryanAlexFreire123","password":"asfghgdssdg"}

13:26:37.190 [pool-1-thread-1] DEBUG com.intuit.karate - request:
1 > POST https://api.demoblaze.com/login
1 > Content-Type: application/json; charset=UTF-8
1 > Content-Length: 47
1 > Host: api.demoblaze.com
1 > Connection: Keep-Alive
1 > User-Agent: Apache-HttpClient/4.5.13 (Java/17)
1 > Accept-Encoding: gzip,deflate
{"username":"BryanAlexFreire123","password":""}

13:26:37.202 [pool-1-thread-2] DEBUG com.intuit.karate - request:
1 > POST https://api.demoblaze.com/login
1 > Content-Type: application/json; charset=UTF-8
1 > Content-Length: 29
1 > Host: api.demoblaze.com
1 > Connection: Keep-Alive
1 > User-Agent: Apache-HttpClient/4.5.13 (Java/17)
1 > Accept-Encoding: gzip,deflate
{"username":"","password":""}

13:26:37.487 [pool-1-thread-4] DEBUG com.intuit.karate - response time in milliseconds: 298
1 < 200
1 < Content-Type: application/json
1 < Vary: Accept-Encoding
1 < X-Cloud-Trace-Context: bba71123641d236754d6a83b56742115
1 < Date: Mon, 14 Aug 2023 18:26:37 GMT
1 < Server: Google Frontend
1 < Cache-Control: private
1 < Transfer-Encoding: chunked
{"errorMessage":"This user already exist."}


13:26:37.504 [pool-1-thread-4] DEBUG com.intuit.karate - request:
1 > POST https://api.demoblaze.com/signup
1 > Content-Type: application/json; charset=UTF-8
1 > Content-Length: 51
1 > Host: api.demoblaze.com
1 > Connection: Keep-Alive
1 > User-Agent: Apache-HttpClient/4.5.13 (Java/17)
1 > Accept-Encoding: gzip,deflate
{"username":"1ryan2Ale5reire147sasd","password":""}

13:26:37.508 [pool-1-thread-2] DEBUG com.intuit.karate - response time in milliseconds: 301
1 < 500
1 < Content-Type: text/html
1 < X-Cloud-Trace-Context: d0897132d260a3a7da4083fd4bedccdf
1 < Date: Mon, 14 Aug 2023 18:26:37 GMT
1 < Server: Google Frontend
1 < Content-Length: 290
<!DOCTYPE HTML PUBLIC "-//W3C//DTD HTML 3.2 Final//EN">
<title>500 Internal Server Error</title>
<h1>Internal Server Error</h1>
<p>The server encountered an internal error and was unable to complete your request. Either the server is overloaded or there is an error in the application.</p>


13:26:37.524 [pool-1-thread-2] DEBUG com.intuit.karate - request:
1 > POST https://api.demoblaze.com/signup
1 > Content-Type: application/json; charset=UTF-8
1 > Content-Length: 40
1 > Host: api.demoblaze.com
1 > Connection: Keep-Alive
1 > User-Agent: Apache-HttpClient/4.5.13 (Java/17)
1 > Accept-Encoding: gzip,deflate
{"username":"","password":"asfghgdssdg"}

13:26:37.527 [pool-1-thread-1] DEBUG com.intuit.karate - response time in milliseconds: 336
1 < 200
1 < Content-Type: application/json
1 < Vary: Accept-Encoding
1 < X-Cloud-Trace-Context: 303537f36b817864722d5641568d86d5
1 < Date: Mon, 14 Aug 2023 18:26:37 GMT
1 < Server: Google Frontend
1 < Cache-Control: private
1 < Transfer-Encoding: chunked
{"errorMessage":"Wrong password."}


13:26:37.539 [pool-1-thread-1] DEBUG com.intuit.karate - request:
1 > POST https://api.demoblaze.com/signup
1 > Content-Type: application/json; charset=UTF-8
1 > Content-Length: 29
1 > Host: api.demoblaze.com
1 > Connection: Keep-Alive
1 > User-Agent: Apache-HttpClient/4.5.13 (Java/17)
1 > Accept-Encoding: gzip,deflate
{"username":"","password":""}

13:26:37.556 [pool-1-thread-3] DEBUG com.intuit.karate - response time in milliseconds: 381
1 < 200
1 < Content-Type: application/json
1 < X-Cloud-Trace-Context: 491335cf54c333ab3f274bbb39da66b8
1 < Date: Mon, 14 Aug 2023 18:26:37 GMT
1 < Server: Google Frontend
1 < Content-Length: 3
""


13:26:37.595 [pool-1-thread-3] DEBUG com.intuit.karate - request:
1 > POST https://api.demoblaze.com/signup
1 > Content-Type: application/json; charset=UTF-8
1 > Content-Length: 91
1 > Host: api.demoblaze.com
1 > Connection: Keep-Alive
1 > User-Agent: Apache-HttpClient/4.5.13 (Java/17)
1 > Accept-Encoding: gzip,deflate
{"username":"1was23uiop23d569jklñzxcvb23qwertyuoipasdfghjklñ123","password":"sayfgb2387"}

13:26:37.825 [pool-1-thread-2] DEBUG com.intuit.karate - response time in milliseconds: 301
1 < 500
1 < Content-Type: text/html
1 < X-Cloud-Trace-Context: 18d8d296e0b96debcd875d7e528715be
1 < Date: Mon, 14 Aug 2023 18:26:37 GMT
1 < Server: Google Frontend
1 < Content-Length: 290
<!DOCTYPE HTML PUBLIC "-//W3C//DTD HTML 3.2 Final//EN">
<title>500 Internal Server Error</title>
<h1>Internal Server Error</h1>
<p>The server encountered an internal error and was unable to complete your request. Either the server is overloaded or there is an error in the application.</p>


13:26:37.843 [pool-1-thread-2] DEBUG com.intuit.karate - request:
1 > POST https://api.demoblaze.com/signup
1 > Content-Type: application/json; charset=UTF-8
1 > Content-Length: 90
1 > Host: api.demoblaze.com
1 > Connection: Keep-Alive
1 > User-Agent: Apache-HttpClient/4.5.13 (Java/17)
1 > Accept-Encoding: gzip,deflate
{"username":"1129854ag","password":"qwertyu12pasdfghjklñasdvbnmqwertyuoip34dfghjklñzxc"}

13:26:37.853 [pool-1-thread-1] DEBUG com.intuit.karate - response time in milliseconds: 314
1 < 500
1 < Content-Type: text/html
1 < X-Cloud-Trace-Context: c83ec0bec7c2310fdb986ed56d58733a
1 < Date: Mon, 14 Aug 2023 18:26:37 GMT
1 < Server: Google Frontend
1 < Content-Length: 290
<!DOCTYPE HTML PUBLIC "-//W3C//DTD HTML 3.2 Final//EN">
<title>500 Internal Server Error</title>
<h1>Internal Server Error</h1>
<p>The server encountered an internal error and was unable to complete your request. Either the server is overloaded or there is an error in the application.</p>


13:26:37.854 [pool-1-thread-4] DEBUG com.intuit.karate - response time in milliseconds: 349
1 < 200
1 < Content-Type: application/json
1 < X-Cloud-Trace-Context: 7cf31f2e9b01f9d692294d882126e03e
1 < Date: Mon, 14 Aug 2023 18:26:37 GMT
1 < Server: Google Frontend
1 < Content-Length: 3
""


13:26:37.868 [pool-1-thread-4] DEBUG com.intuit.karate - request:
1 > POST https://api.demoblaze.com/signup
1 > Content-Type: application/json; charset=UTF-8
1 > Content-Length: 102
1 > Host: api.demoblaze.com
1 > Connection: Keep-Alive
1 > User-Agent: Apache-HttpClient/4.5.13 (Java/17)
1 > Accept-Encoding: gzip,deflate
{"username":"1sfg9854%&$1\/","password":"q12rtyuiopasdfg23klñzxasdfmqwertyuoipasdfghjklñzxc&%$124a"}

13:26:37.873 [pool-1-thread-1] DEBUG com.intuit.karate - request:
1 > POST https://api.demoblaze.com/signup
1 > Content-Type: application/json; charset=UTF-8
1 > Content-Length: 145
1 > Host: api.demoblaze.com
1 > Connection: Keep-Alive
1 > User-Agent: Apache-HttpClient/4.5.13 (Java/17)
1 > Accept-Encoding: gzip,deflate
{"username":"1wertyuio98dd56h12lñzxcvbnmq45ertyuoipasdfghjklñzxcqwertyuiopasdfghjklñzxcvbnmqwertyuoipasdfghjklñz123","password":"sayfgb2387"}

13:26:37.945 [pool-1-thread-3] DEBUG com.intuit.karate - response time in milliseconds: 349
1 < 200
1 < Content-Type: application/json
1 < X-Cloud-Trace-Context: 74af7fc09cfd4515bad8b7314f698fc7
1 < Date: Mon, 14 Aug 2023 18:26:37 GMT
1 < Server: Google Frontend
1 < Content-Length: 3
""


13:26:37.958 [pool-1-thread-3] DEBUG com.intuit.karate - request:
1 > POST https://api.demoblaze.com/signup
1 > Content-Type: application/json; charset=UTF-8
1 > Content-Length: 108
1 > Host: api.demoblaze.com
1 > Connection: Keep-Alive
1 > User-Agent: Apache-HttpClient/4.5.13 (Java/17)
1 > Accept-Encoding: gzip,deflate
{"username":"1fa8656354%&$1","password":"asd556wertyuiopasdf\/&jklñzxcvbnmqwertyuoipasdfghjklñzxc&%$124a"}

13:26:38.211 [pool-1-thread-1] DEBUG com.intuit.karate - response time in milliseconds: 337
1 < 200
1 < Content-Type: application/json
1 < X-Cloud-Trace-Context: ff13a43c93ce53dea78098c428fd5ac1
1 < Date: Mon, 14 Aug 2023 18:26:38 GMT
1 < Server: Google Frontend
1 < Content-Length: 3
""


13:26:38.220 [pool-1-thread-2] DEBUG com.intuit.karate - response time in milliseconds: 376
1 < 200
1 < Content-Type: application/json
1 < X-Cloud-Trace-Context: 16a8281c3dc17bf832b9b7e5b2c48ec0
1 < Date: Mon, 14 Aug 2023 18:26:38 GMT
1 < Server: Google Frontend
1 < Content-Length: 3
""


13:26:38.231 [pool-1-thread-4] DEBUG com.intuit.karate - response time in milliseconds: 362
1 < 200
1 < Content-Type: application/json
1 < X-Cloud-Trace-Context: 270a66bb5358eb3cc54181439b51de20
1 < Date: Mon, 14 Aug 2023 18:26:38 GMT
1 < Server: Google Frontend
1 < Content-Length: 3
""


13:26:38.336 [pool-1-thread-3] DEBUG com.intuit.karate - response time in milliseconds: 378
1 < 200
1 < Content-Type: application/json
1 < X-Cloud-Trace-Context: 9de3864e4307518eb310b563eb8a1ac6
1 < Date: Mon, 14 Aug 2023 18:26:38 GMT
1 < Server: Google Frontend
1 < Content-Length: 3
""


---------------------------------------------------------
feature: classpath:api/login/login.feature
scenarios:  6 | passed:  6 | failed:  0 | time: 5,5705
---------------------------------------------------------

13:26:40.420 [pool-2-thread-1] INFO  com.intuit.karate.Suite - <<pass>> feature 1 of 2 (1 remaining) classpath:api/login/login.feature
---------------------------------------------------------
feature: classpath:api/signUp/signUp.feature
scenarios: 10 | passed: 10 | failed:  0 | time: 3,5990
---------------------------------------------------------

13:26:40.940 [pool-2-thread-1] INFO  com.intuit.karate.Suite - <<pass>> feature 2 of 2 (0 remaining) classpath:api/signUp/signUp.feature
Karate version: 1.2.0.RC5
======================================================
elapsed:   9,11 | threads:    4 | thread time: 9,17 
features:     2 | skipped:    0 | efficiency: 0,25
scenarios:   16 | passed:    16 | failed: 0
======================================================

HTML report: (paste into browser to view) | Karate version: 1.2.0.RC5
file:///C:/Users/bryan/IdeaProjects/PruebaE2EAPIS/build/karate-reports/karate-summary.html
===================================================================

]]></system-out>
  <system-err><![CDATA[ago 14, 2023 1:26:42 P. M. net.masterthought.cucumber.ReportParser parseJsonFiles
INFO: File 'C:\Users\bryan\IdeaProjects\PruebaE2EAPIS\build\karate-reports\api.login.login.json' contains 1 features
ago 14, 2023 1:26:42 P. M. net.masterthought.cucumber.ReportParser parseJsonFiles
INFO: File 'C:\Users\bryan\IdeaProjects\PruebaE2EAPIS\build\karate-reports\api.signUp.signUp.json' contains 1 features
]]></system-err>
</testsuite>
