<?xml version="1.0" encoding="UTF-8"?>
<testsuite name="ManagmentTest" tests="1" skipped="0" failures="0" errors="0" timestamp="2023-08-14T19:55:41" hostname="DESKTOP-LB40FPG" time="20.263">
  <properties/>
  <testcase name="testAll()" classname="ManagmentTest" time="20.263"/>
  <system-out><![CDATA[14:55:44.125 [Test worker] INFO  com.intuit.karate.Suite - backed up existing 'build\karate-reports' dir to: build\karate-reports_1692042944118
14:55:44.144 [Test worker] DEBUG com.intuit.karate.Suite - waiting for 2 features to complete
14:55:46.995 [pool-1-thread-1] DEBUG com.intuit.karate - request:
1 > POST https://api.demoblaze.com/login
1 > Content-Type: application/json; charset=UTF-8
1 > Content-Length: 58
1 > Host: api.demoblaze.com
1 > Connection: Keep-Alive
1 > User-Agent: Apache-HttpClient/4.5.13 (Java/17)
1 > Accept-Encoding: gzip,deflate
{"username":"BryanAlexFreire123","password":"asfghgdssdg"}

14:55:46.995 [pool-1-thread-2] DEBUG com.intuit.karate - request:
1 > POST https://api.demoblaze.com/login
1 > Content-Type: application/json; charset=UTF-8
1 > Content-Length: 59
1 > Host: api.demoblaze.com
1 > Connection: Keep-Alive
1 > User-Agent: Apache-HttpClient/4.5.13 (Java/17)
1 > Accept-Encoding: gzip,deflate
{"username":"BryanAlexFreire123%","password":"asfghgdssdg"}

14:55:46.995 [pool-1-thread-4] DEBUG com.intuit.karate - request:
1 > POST https://api.demoblaze.com/login
1 > Content-Type: application/json; charset=UTF-8
1 > Content-Length: 40
1 > Host: api.demoblaze.com
1 > Connection: Keep-Alive
1 > User-Agent: Apache-HttpClient/4.5.13 (Java/17)
1 > Accept-Encoding: gzip,deflate
{"username":"","password":"asfghgdssdg"}

14:55:46.995 [pool-1-thread-3] DEBUG com.intuit.karate - request:
1 > POST https://api.demoblaze.com/login
1 > Content-Type: application/json; charset=UTF-8
1 > Content-Length: 58
1 > Host: api.demoblaze.com
1 > Connection: Keep-Alive
1 > User-Agent: Apache-HttpClient/4.5.13 (Java/17)
1 > Accept-Encoding: gzip,deflate
{"username":"BryanAlexFreire123","password":"asfgh1dssdg"}

14:55:47.926 [pool-1-thread-2] DEBUG com.intuit.karate - response time in milliseconds: 926
1 < 200
1 < Content-Type: application/json
1 < Vary: Accept-Encoding
1 < X-Cloud-Trace-Context: 5f8388f1dbb8d30b62d616270deed572
1 < Date: Mon, 14 Aug 2023 19:55:47 GMT
1 < Server: Google Frontend
1 < Cache-Control: private
1 < Transfer-Encoding: chunked
{"errorMessage":"User does not exist."}


14:55:47.926 [pool-1-thread-3] DEBUG com.intuit.karate - response time in milliseconds: 915
1 < 200
1 < Content-Type: application/json
1 < Vary: Accept-Encoding
1 < X-Cloud-Trace-Context: 59721c8ec530b05cfc34f6d6f0f9c09e
1 < Date: Mon, 14 Aug 2023 19:55:47 GMT
1 < Server: Google Frontend
1 < Cache-Control: private
1 < Transfer-Encoding: chunked
{"errorMessage":"Wrong password."}


14:55:47.926 [pool-1-thread-4] DEBUG com.intuit.karate - response time in milliseconds: 923
1 < 500
1 < Content-Type: text/html
1 < X-Cloud-Trace-Context: b80d4bc3a919083c48bcb75f251644ed
1 < Date: Mon, 14 Aug 2023 19:55:47 GMT
1 < Server: Google Frontend
1 < Content-Length: 290
<!DOCTYPE HTML PUBLIC "-//W3C//DTD HTML 3.2 Final//EN">
<title>500 Internal Server Error</title>
<h1>Internal Server Error</h1>
<p>The server encountered an internal error and was unable to complete your request. Either the server is overloaded or there is an error in the application.</p>


14:55:47.941 [pool-1-thread-1] DEBUG com.intuit.karate - response time in milliseconds: 944
1 < 200
1 < Content-Type: application/json
1 < Vary: Accept-Encoding
1 < X-Cloud-Trace-Context: 157dd40e6cbe5a5cd0cc22fa92c5b7f0
1 < Date: Mon, 14 Aug 2023 19:55:47 GMT
1 < Server: Google Frontend
1 < Cache-Control: private
1 < Transfer-Encoding: chunked
"Auth_token: QnJ5YW5BbGV4RnJlaXJlMTIzMTY5MjY0Mg=="


14:55:47.991 [pool-1-thread-1] DEBUG com.intuit.karate - request:
1 > POST https://api.demoblaze.com/signup
1 > Content-Type: application/json; charset=UTF-8
1 > Content-Length: 58
1 > Host: api.demoblaze.com
1 > Connection: Keep-Alive
1 > User-Agent: Apache-HttpClient/4.5.13 (Java/17)
1 > Accept-Encoding: gzip,deflate
{"username":"1ryanAlexFreire123","password":"asfghgdssdg"}

14:55:48.013 [pool-1-thread-2] DEBUG com.intuit.karate - request:
1 > POST https://api.demoblaze.com/login
1 > Content-Type: application/json; charset=UTF-8
1 > Content-Length: 47
1 > Host: api.demoblaze.com
1 > Connection: Keep-Alive
1 > User-Agent: Apache-HttpClient/4.5.13 (Java/17)
1 > Accept-Encoding: gzip,deflate
{"username":"BryanAlexFreire123","password":""}

14:55:48.023 [pool-1-thread-4] DEBUG com.intuit.karate - request:
1 > POST https://api.demoblaze.com/login
1 > Content-Type: application/json; charset=UTF-8
1 > Content-Length: 29
1 > Host: api.demoblaze.com
1 > Connection: Keep-Alive
1 > User-Agent: Apache-HttpClient/4.5.13 (Java/17)
1 > Accept-Encoding: gzip,deflate
{"username":"","password":""}

14:55:48.027 [pool-1-thread-3] DEBUG com.intuit.karate - request:
1 > POST https://api.demoblaze.com/signup
1 > Content-Type: application/json; charset=UTF-8
1 > Content-Length: 47
1 > Host: api.demoblaze.com
1 > Connection: Keep-Alive
1 > User-Agent: Apache-HttpClient/4.5.13 (Java/17)
1 > Accept-Encoding: gzip,deflate
{"username":"newUser","password":"newPassword"}

14:55:48.303 [pool-1-thread-4] DEBUG com.intuit.karate - response time in milliseconds: 279
1 < 500
1 < Content-Type: text/html
1 < X-Cloud-Trace-Context: ca69fb2ce2b975c481ecb49a45169352
1 < Date: Mon, 14 Aug 2023 19:55:48 GMT
1 < Server: Google Frontend
1 < Content-Length: 290
<!DOCTYPE HTML PUBLIC "-//W3C//DTD HTML 3.2 Final//EN">
<title>500 Internal Server Error</title>
<h1>Internal Server Error</h1>
<p>The server encountered an internal error and was unable to complete your request. Either the server is overloaded or there is an error in the application.</p>


14:55:48.344 [pool-1-thread-2] DEBUG com.intuit.karate - response time in milliseconds: 330
1 < 200
1 < Content-Type: application/json
1 < Vary: Accept-Encoding
1 < X-Cloud-Trace-Context: a46f60633c03ff0f986a127293708e8d
1 < Date: Mon, 14 Aug 2023 19:55:48 GMT
1 < Server: Google Frontend
1 < Cache-Control: private
1 < Transfer-Encoding: chunked
{"errorMessage":"Wrong password."}


14:55:48.366 [pool-1-thread-3] DEBUG com.intuit.karate - response time in milliseconds: 338
1 < 200
1 < Content-Type: application/json
1 < Vary: Accept-Encoding
1 < X-Cloud-Trace-Context: 2e44ecd438127df8139e90ba41aa6adc
1 < Date: Mon, 14 Aug 2023 19:55:48 GMT
1 < Server: Google Frontend
1 < Cache-Control: private
1 < Transfer-Encoding: chunked
{"errorMessage":"This user already exist."}


14:55:48.642 [pool-1-thread-1] DEBUG com.intuit.karate - response time in milliseconds: 640
1 < 200
1 < Content-Type: application/json
1 < X-Cloud-Trace-Context: ac757264cbdcedb3fae7cbf04693e4c5
1 < Date: Mon, 14 Aug 2023 19:55:48 GMT
1 < Server: Google Frontend
1 < Content-Length: 3
""


---------------------------------------------------------
feature: classpath:api/login/login.feature
scenarios:  6 | passed:  6 | failed:  0 | time: 6,4987
---------------------------------------------------------

14:55:53.539 [pool-2-thread-1] INFO  com.intuit.karate.Suite - <<pass>> feature 1 of 2 (1 remaining) classpath:api/login/login.feature
---------------------------------------------------------
feature: classpath:api/signUp/signUp.feature
scenarios:  2 | passed:  2 | failed:  0 | time: 1,0301
---------------------------------------------------------

14:55:53.758 [pool-2-thread-1] INFO  com.intuit.karate.Suite - <<pass>> feature 2 of 2 (0 remaining) classpath:api/signUp/signUp.feature
Karate version: 1.2.0.RC5
======================================================
elapsed:  11,63 | threads:    4 | thread time: 7,53 
features:     2 | skipped:    0 | efficiency: 0,16
scenarios:    8 | passed:     8 | failed: 0
======================================================

HTML report: (paste into browser to view) | Karate version: 1.2.0.RC5
file:///C:/Users/bryan/IdeaProjects/PruebaE2EAPIS/build/karate-reports/karate-summary.html
===================================================================

]]></system-out>
  <system-err><![CDATA[ago 14, 2023 2:55:59 P. M. net.masterthought.cucumber.ReportParser parseJsonFiles
INFO: File 'C:\Users\bryan\IdeaProjects\PruebaE2EAPIS\build\karate-reports\api.login.login.json' contains 1 features
ago 14, 2023 2:55:59 P. M. net.masterthought.cucumber.ReportParser parseJsonFiles
INFO: File 'C:\Users\bryan\IdeaProjects\PruebaE2EAPIS\build\karate-reports\api.signUp.signUp.json' contains 1 features
]]></system-err>
</testsuite>
